#
# A fatal error has been detected by the Java Runtime Environment:
#
#  EXCEPTION_ACCESS_VIOLATION (0xc0000005) at pc=0x00007ffb9a913004, pid=17928, tid=21816
#
# JRE version: OpenJDK Runtime Environment (24.0+36) (build 24+36-3646)
# Java VM: OpenJDK 64-Bit Server VM (24+36-3646, mixed mode, sharing, tiered, compressed oops, compressed class ptrs, g1 gc, windows-amd64)
# Problematic frame:
# C  [libasyncProfiler.dll+0x93004]
#
# No core dump will be written. Minidumps are not enabled by default on client versions of Windows
#
# JFR recording file will be written. Location: C:\Users\Jardilson\IdeaProjects\trabalho\hs_err_pid17928.jfr
#
# If you would like to submit a bug report, please visit:
#   https://bugreport.java.com/bugreport/crash.jsp
# The crash happened outside the Java Virtual Machine in native code.
# See problematic frame for where to report the bug.
#

---------------  S U M M A R Y ------------

Command Line: -javaagent:C:\Users\Jardilson\Downloads\IntelliJ IDEA 2024.3.5\lib\idea_rt.jar=49775 -Dfile.encoding=UTF-8 -Dsun.stdout.encoding=UTF-8 -Dsun.stderr.encoding=UTF-8 Quiz

Host: 12th Gen Intel(R) Core(TM) i5-1235U, 12 cores, 7G,  Windows 11 , 64 bit Build 26100 (10.0.26100.3624)
Time: Sun Mar 30 18:03:59 2025 Hora oficial do Brasil elapsed time: 10.649805 seconds (0d 0h 0m 10s)

---------------  T H R E A D  ---------------

Current thread (0x0000017b76c9b980):  JavaThread "Attach Listener" daemon [_thread_in_native, id=21816, stack(0x00000014bd200000,0x00000014bd300000) (1024K)]

Stack: [0x00000014bd200000,0x00000014bd300000],  sp=0x00000014bd2fec10,  free space=1019k
Native frames: (J=compiled Java code, j=interpreted, Vv=VM code, C=native code)
C  [libasyncProfiler.dll+0x93004]  (no source info available)
C  [libasyncProfiler.dll+0x934db]  (no source info available)
C  [libasyncProfiler.dll+0x92134]  (no source info available)
C  [libasyncProfiler.dll+0x929aa]  (no source info available)
C  [libasyncProfiler.dll+0x8d561]  (no source info available)
C  [libasyncProfiler.dll+0x7ef21]  (no source info available)
C  [libasyncProfiler.dll+0x7dc38]  (no source info available)
C  [libasyncProfiler.dll+0x7db20]  (no source info available)
C  [libasyncProfiler.dll+0x84af9]  (no source info available)
V  [jvm.dll+0x57f1b7]  (no source info available)
V  [jvm.dll+0x57ff2c]  (no source info available)
V  [jvm.dll+0x14c9b7]  (no source info available)
V  [jvm.dll+0x14df81]  (no source info available)
V  [jvm.dll+0x42f566]  (no source info available)
V  [jvm.dll+0x87d8fb]  (no source info available)
V  [jvm.dll+0x72efe5]  (no source info available)
C  [ucrtbase.dll+0x37b0]  (no source info available)
C  [KERNEL32.DLL+0x2e8d7]  (no source info available)
C  [ntdll.dll+0xb14fc]  (no source info available)


siginfo: EXCEPTION_ACCESS_VIOLATION (0xc0000005), reading address 0xffffffffffffffff


Registers:
RAX=0x0000000000000010, RBX=0x0000000000000000, RCX=0xffffffffffffffff, RDX=0x007ffb3e132ff010
RSP=0x00000014bd2fec10, RBP=0x0000017b4530d1c0, RSI=0x00000014bd2fed80, RDI=0x0000017b4530d1c0
R8 =0x0000000000000042, R9 =0x000000008c301ee8, R10=0x00007ffb3e3a9fc0, R11=0x0000000000000002
R12=0x00000014bd2fed80, R13=0x0000017b45a3e7f0, R14=0x0000017b76c9bd48, R15=0x0000017b76c9bd48
RIP=0x00007ffb9a913004, EFLAGS=0x0000000000010202

XMM[0]=0x0000000000000000 0x0000000000000000
XMM[1]=0x0000000000000000 0x0000000000000000
XMM[2]=0x0000000000000000 0x0000000000000000
XMM[3]=0x0000000000000000 0x0000000000000000
XMM[4]=0x0000000000000000 0x0000000000000000
XMM[5]=0x0000000000000000 0x0000000000000000
XMM[6]=0x0000000000000000 0x0000000000000000
XMM[7]=0x0000000000000000 0x0000000000000000
XMM[8]=0x0000000000000000 0x0000000000000000
XMM[9]=0x0000000000000000 0x0000000000000000
XMM[10]=0x0000000000000000 0x0000000000000000
XMM[11]=0x0000000000000000 0x0000000000000000
XMM[12]=0x0000000000000000 0x0000000000000000
XMM[13]=0x0000000000000000 0x0000000000000000
XMM[14]=0x0000000000000000 0x0000000000000000
XMM[15]=0x0000000000000000 0x0000000000000000
  MXCSR=0x00001fa0


Register to memory mapping:

RAX=0x0000000000000010 is an unknown value
RBX=0x0 is null
RCX=0xffffffffffffffff is an unknown value
RDX=0x007ffb3e132ff010 is an unknown value
RSP=0x00000014bd2fec10 is pointing into the stack for thread: 0x0000017b76c9b980
RBP=0x0000017b4530d1c0 points into unknown readable memory: 0x000000008c301ee8 | e8 1e 30 8c 00 00 00 00
RSI=0x00000014bd2fed80 is pointing into the stack for thread: 0x0000017b76c9b980
RDI=0x0000017b4530d1c0 points into unknown readable memory: 0x000000008c301ee8 | e8 1e 30 8c 00 00 00 00
R8 =0x0000000000000042 is an unknown value
R9 =0x000000008c301ee8 is an oop: java.lang.Thread 
{0x000000008c301ee8} - klass: 'java/lang/Thread' - flags: 

 - ---- fields (total size 14 words):
 - 'threadLocalRandomProbe' 'I' @12  0 (0x00000000)
 - private volatile 'eetop' 'J' @16  1629287792256 (0x0000017b591ebe80)
 - private final 'tid' 'J' @24  3 (0x0000000000000003)
 - 'threadLocalRandomSeed' 'J' @32  0 (0x0000000000000000)
 - injected 'jvmti_thread_state' 'J' @40  1628961297424 (0x0000017b45a8d410)
 - 'threadLocalRandomSecondarySeed' 'I' @48  0 (0x00000000)
 - injected 'jvmti_VTMS_transition_disable_count' 'I' @52  0 (0x00000000)
 - injected 'jfr_epoch' 'S' @56  0 (0x0000)
 - volatile 'interrupted' 'Z' @58  false (0x00)
 - injected 'jvmti_is_in_VTMS_transition' 'Z' @59  false (0x00)
 - private volatile 'name' 'Ljava/lang/String;' @60  "main"{0x000000008c301f58} (0x8c301f58)
 - private volatile 'contextClassLoader' 'Ljava/lang/ClassLoader;' @64  a 'jdk/internal/loader/ClassLoaders$AppClassLoader'{0x000000008c315a98} (0x8c315a98)
 - private final 'holder' 'Ljava/lang/Thread$FieldHolder;' @68  a 'java/lang/Thread$FieldHolder'{0x000000008c301f98} (0x8c301f98)
 - 'threadLocals' 'Ljava/lang/ThreadLocal$ThreadLocalMap;' @72  a 'java/lang/ThreadLocal$ThreadLocalMap'{0x000000008c132bf8} (0x8c132bf8)
 - 'inheritableThreadLocals' 'Ljava/lang/ThreadLocal$ThreadLocalMap;' @76  null (0x00000000)
 - private 'scopedValueBindings' 'Ljava/lang/Object;' @80  a 'java/lang/Class'{0x00000000ffe7c280} = 'java/lang/Thread' (0xffe7c280)
 - final 'interruptLock' 'Ljava/lang/Object;' @84  a 'java/lang/Object'{0x000000008c301f88} (0x8c301f88)
 - private volatile 'parkBlocker' 'Ljava/lang/Object;' @88  null (0x00000000)
 - private 'nioBlocker' 'Lsun/nio/ch/Interruptible;' @92  null (0x00000000)
 - private 'cont' 'Ljdk/internal/vm/Continuation;' @96  null (0x00000000)
 - private volatile 'uncaughtExceptionHandler' 'Ljava/lang/Thread$UncaughtExceptionHandler;' @100  null (0x00000000)
 - private 'container' 'Ljdk/internal/vm/ThreadContainer;' @104  null (0x00000000)
 - private volatile 'headStackableScopes' 'Ljdk/internal/vm/StackableScope;' @108  null (0x00000000)
R10=0x00007ffb3e3a9fc0 jvm.dll
R11=0x0000000000000002 is an unknown value
R12=0x00000014bd2fed80 is pointing into the stack for thread: 0x0000017b76c9b980
R13=0x0000017b45a3e7f0 points into unknown readable memory: 0x00007ffb3e31a510 | 10 a5 31 3e fb 7f 00 00
R14=0x0000017b76c9bd48 points into unknown readable memory: 0x00007ffb3e3117b0 | b0 17 31 3e fb 7f 00 00
R15=0x0000017b76c9bd48 points into unknown readable memory: 0x00007ffb3e3117b0 | b0 17 31 3e fb 7f 00 00

Top of Stack: (sp=0x00000014bd2fec10)
0x00000014bd2fec10:   00000014bd2fed80 0000017b4530d1c0   ../.......0E{...
0x00000014bd2fec20:   0000000000000000 0000017b76c9e280   ...........v{...
0x00000014bd2fec30:   000000000000001e 00007ffb9a9134db   .........4......
0x00000014bd2fec40:   0000000000000000 0000017b76c9bd48   ........H..v{...
0x00000014bd2fec50:   00000014bd2fed01 0000000000000000   ../.............
0x00000014bd2fec60:   0000017b4527d7d0 00007ffb9a912134   ..'E{...4!......
0x00000014bd2fec70:   0000000000000000 000000000000001e   ................
0x00000014bd2fec80:   0000000000000000 000000000000001e   ................
0x00000014bd2fec90:   0000000e452dfd58 0000017b45b4f7c0   X.-E.......E{...
0x00000014bd2feca0:   0000017b4527d7d0 0000017b4527d848   ..'E{...H.'E{...
0x00000014bd2fecb0:   0000017b4527d878 0000000000006434   x.'E{...4d......
0x00000014bd2fecc0:   0000000000000000 0000000000000000   ................
0x00000014bd2fecd0:   0000000000000000 00007ffb3db758e4   .........X.=....
0x00000014bd2fece0:   00007ffb9aa6ae00 0000000000004608   .........F......
0x00000014bd2fecf0:   00007ffb9aa6ae00 00000000ffffffff   ................
0x00000014bd2fed00:   0000000000000000 00007ffb9a9129aa   .........)......
0x00000014bd2fed10:   0000017b76c9bd48 0000000000000000   H..v{...........
0x00000014bd2fed20:   00000014bd2fed89 0000017b45a3e7f0   ../........E{...
0x00000014bd2fed30:   0000000000000004 0000000000000048   ........H.......
0x00000014bd2fed40:   0000000800800310 0000000000000020   ........ .......
0x00000014bd2fed50:   0000017b76c9bd48 00007ffb9aa6ae00   H..v{...........
0x00000014bd2fed60:   0000017b76b3eeb0 0000017b45a8d410   ...v{......E{...
0x00000014bd2fed70:   0000000800800390 0000017b76c9bd48   ........H..v{...
0x00000014bd2fed80:   0000017b47e5d4e0 0000017b47e5d8a0   ...G{......G{...
0x00000014bd2fed90:   0000017b47e5d8a0 00007ffb9aa6ae00   ...G{...........
0x00000014bd2feda0:   0000017b452dfd58 00000014bd2fef18   X.-E{...../.....
0x00000014bd2fedb0:   00000014bd2ff050 0000000000008840   P./.....@.......
0x00000014bd2fedc0:   00000014bd2ff230 00007ffb9aa6ae50   0./.....P.......
0x00000014bd2fedd0:   0000000000989680 0000000000989680   ................
0x00000014bd2fede0:   00000014bd2feef0 00007ffb9a90d561   ../.....a.......
0x00000014bd2fedf0:   00007ffb9aa6ae00 00007ffb9aa6ae58   ........X.......
0x00000014bd2fee00:   00007ffb00000000 00007ffb00000001   ................

Instructions: (pc=0x00007ffb9a913004)
  0x00007ffb9a912f04:   cc cc cc cc cc cc cc cc cc cc cc cc cc cc cc cc
  0x00007ffb9a912f14:   cc cc cc cc cc cc cc cc cc cc cc cc cc cc cc cc
  0x00007ffb9a912f24:   cc cc cc cc cc cc cc cc cc cc cc cc cc cc cc cc
  0x00007ffb9a912f34:   cc cc cc cc cc cc cc cc cc cc cc cc cc cc cc cc
  0x00007ffb9a912f44:   cc cc cc cc cc cc cc cc cc cc cc cc cc cc cc cc
  0x00007ffb9a912f54:   cc cc cc cc cc cc cc cc cc cc cc cc cc cc cc cc
  0x00007ffb9a912f64:   cc cc cc cc cc cc cc cc cc cc cc cc cc cc cc cc
  0x00007ffb9a912f74:   cc cc cc cc cc cc cc cc cc cc cc cc cc cc cc cc
  0x00007ffb9a912f84:   cc cc cc cc cc cc cc cc cc cc cc cc 40 57 48 83
  0x00007ffb9a912f94:   ec 20 48 8b f9 48 8b 0d 30 80 15 00 48 85 c9 74
  0x00007ffb9a912fa4:   20 48 8b 01 48 8d 54 24 38 41 b8 06 00 01 00 4c
  0x00007ffb9a912fb4:   8b 48 30 41 ff d1 85 c0 75 07 48 8b 4c 24 38 eb
  0x00007ffb9a912fc4:   02 33 c9 4c 8b 05 0a 81 15 00 48 89 5c 24 30 4d
  0x00007ffb9a912fd4:   85 c0 74 4a 48 8b 01 48 8b d7 4c 8b 88 28 03 00
  0x00007ffb9a912fe4:   00 41 ff d1 48 85 c0 74 35 48 63 0d b8 3d 15 00
  0x00007ffb9a912ff4:   48 8b 14 01 48 85 d2 74 15 48 63 05 bc 3d 15 00
=>0x00007ffb9a913004:   8b 04 10 48 8b 5c 24 30 48 83 c4 20 5f c3 b8 ff
  0x00007ffb9a913014:   ff ff ff 48 8b 5c 24 30 48 83 c4 20 5f c3 80 3d
  0x00007ffb9a913024:   bb 7f 15 00 00 bb ff ff ff ff 74 20 4c 8b 0d 51
  0x00007ffb9a913034:   7c 15 00 4c 8d 44 24 38 48 8b 0d 35 7c 15 00 48
  0x00007ffb9a913044:   8b d7 41 ff d1 85 c0 0f 44 5c 24 38 8b c3 48 8b
  0x00007ffb9a913054:   5c 24 30 48 83 c4 20 5f c3 cc cc cc cc cc cc cc
  0x00007ffb9a913064:   cc cc cc cc cc cc cc cc cc cc cc cc cc cc cc cc
  0x00007ffb9a913074:   cc cc cc cc cc cc cc cc cc cc cc cc cc cc cc cc
  0x00007ffb9a913084:   cc cc cc cc cc cc cc cc cc cc cc cc 48 89 54 24
  0x00007ffb9a913094:   10 53 55 56 57 41 56 41 57 48 83 ec 28 48 8b f2
  0x00007ffb9a9130a4:   4c 8b f1 48 89 4c 24 78 45 33 ff 44 89 7c 24 68
  0x00007ffb9a9130b4:   c7 44 24 60 01 00 00 00 48 8d 4c 24 68 e8 69 3c
  0x00007ffb9a9130c4:   f7 ff 8b d8 48 8d 4c 24 60 e8 5d 3c f7 ff 8b e8
  0x00007ffb9a9130d4:   49 8b ce e8 33 f3 f6 ff 48 8b f8 90 8b c3 f0 0f
  0x00007ffb9a9130e4:   b1 2f 74 04 f3 90 eb f4 4c 89 3e 4c 89 7e 08 4c
  0x00007ffb9a9130f4:   89 7e 10 49 8b 6e 08 4d 8b 76 10 49 3b ee 0f 84


Stack slot to memory mapping:

stack at sp + 0 slots: 0x00000014bd2fed80 is pointing into the stack for thread: 0x0000017b76c9b980
stack at sp + 1 slots: 0x0000017b4530d1c0 points into unknown readable memory: 0x000000008c301ee8 | e8 1e 30 8c 00 00 00 00
stack at sp + 2 slots: 0x0 is null
stack at sp + 3 slots: 0x0000017b76c9e280 points into unknown readable memory: 0x6e616c2e6176616a | 6a 61 76 61 2e 6c 61 6e
stack at sp + 4 slots: 0x000000000000001e is an unknown value
stack at sp + 5 slots: 0x00007ffb9a9134db libasyncProfiler.dll
stack at sp + 6 slots: 0x0 is null
stack at sp + 7 slots: 0x0000017b76c9bd48 points into unknown readable memory: 0x00007ffb3e3117b0 | b0 17 31 3e fb 7f 00 00

Lock stack of current Java thread (top to bottom):


---------------  P R O C E S S  ---------------

Threads class SMR info:
_java_thread_list=0x0000017b460c7290, length=19, elements={
0x0000017b591ebe80, 0x0000017b76c94bd0, 0x0000017b76c95e80, 0x0000017b76c9c820,
0x0000017b76c9b980, 0x0000017b76c9c0d0, 0x0000017b76c9b230, 0x0000017b76ca2470,
0x0000017b76ca4d40, 0x0000017b76c9cf70, 0x0000017b76c99c40, 0x0000017b76c9a390,
0x0000017b76c9aae0, 0x0000017b45bd5270, 0x0000017b45bd43d0, 0x0000017b45bd2de0,
0x0000017b452c4060, 0x0000017b45bd59c0, 0x0000017b45bd3530
}

Java Threads: ( => current thread )
  0x0000017b591ebe80 JavaThread "main"                              [_thread_in_native, id=3160, stack(0x00000014bc700000,0x00000014bc800000) (1024K)]
  0x0000017b76c94bd0 JavaThread "Reference Handler"          daemon [_thread_blocked, id=6612, stack(0x00000014bcf00000,0x00000014bd000000) (1024K)]
  0x0000017b76c95e80 JavaThread "Finalizer"                  daemon [_thread_blocked, id=9404, stack(0x00000014bd000000,0x00000014bd100000) (1024K)]
  0x0000017b76c9c820 JavaThread "Signal Dispatcher"          daemon [_thread_blocked, id=27684, stack(0x00000014bd100000,0x00000014bd200000) (1024K)]
=>0x0000017b76c9b980 JavaThread "Attach Listener"            daemon [_thread_in_native, id=21816, stack(0x00000014bd200000,0x00000014bd300000) (1024K)]
  0x0000017b76c9c0d0 JavaThread "Service Thread"             daemon [_thread_blocked, id=11576, stack(0x00000014bd300000,0x00000014bd400000) (1024K)]
  0x0000017b76c9b230 JavaThread "Monitor Deflation Thread"   daemon [_thread_blocked, id=27460, stack(0x00000014bd400000,0x00000014bd500000) (1024K)]
  0x0000017b76ca2470 JavaThread "C2 CompilerThread0"         daemon [_thread_blocked, id=21972, stack(0x00000014bd500000,0x00000014bd600000) (1024K)]
  0x0000017b76ca4d40 JavaThread "C1 CompilerThread0"         daemon [_thread_blocked, id=21968, stack(0x00000014bd600000,0x00000014bd700000) (1024K)]
  0x0000017b76c9cf70 JavaThread "Common-Cleaner"             daemon [_thread_blocked, id=25736, stack(0x00000014bd700000,0x00000014bd800000) (1024K)]
  0x0000017b76c99c40 JavaThread "Monitor Ctrl-Break"         daemon [_thread_in_native, id=15440, stack(0x00000014bd800000,0x00000014bd900000) (1024K)]
  0x0000017b76c9a390 JavaThread "Notification Thread"        daemon [_thread_blocked, id=18760, stack(0x00000014bd900000,0x00000014bda00000) (1024K)]
  0x0000017b76c9aae0 JavaThread "RMI TCP Accept-0"           daemon [_thread_in_native, id=10280, stack(0x00000014bdb00000,0x00000014bdc00000) (1024K)]
  0x0000017b45bd5270 JavaThread "RMI TCP Connection(1)-192.168.100.102" daemon [_thread_in_native, id=17920, stack(0x00000014bdc00000,0x00000014bdd00000) (1024K)]
  0x0000017b45bd43d0 JavaThread "RMI Scheduler(0)"           daemon [_thread_blocked, id=17376, stack(0x00000014bdd00000,0x00000014bde00000) (1024K)]
  0x0000017b45bd2de0 JavaThread "JMX server connection timeout 31" daemon [_thread_blocked, id=14980, stack(0x00000014bde00000,0x00000014bdf00000) (1024K)]
  0x0000017b452c4060 JavaThread "C2 CompilerThread1"         daemon [_thread_blocked, id=11024, stack(0x00000014bda00000,0x00000014bdb00000) (1024K)]
  0x0000017b45bd59c0 JavaThread "JFR Recorder Thread"        daemon [_thread_in_native, id=25232, stack(0x00000014bdf00000,0x00000014be000000) (1024K)]
  0x0000017b45bd3530 JavaThread "JFR Periodic Tasks"         daemon [_thread_blocked, id=25652, stack(0x00000014be000000,0x00000014be100000) (1024K)]
Total: 19

Other Threads:
  0x0000017b76c84440 VMThread "VM Thread"                           [id=19916, stack(0x00000014bce00000,0x00000014bcf00000) (1024K)]
  0x0000017b76c71160 WatcherThread "VM Periodic Task Thread"        [id=6756, stack(0x00000014bcd00000,0x00000014bce00000) (1024K)]
  0x0000017b592428b0 WorkerThread "GC Thread#0"                     [id=30340, stack(0x00000014bc800000,0x00000014bc900000) (1024K)]
  0x0000017b576fdd50 ConcurrentGCThread "G1 Main Marker"            [id=25832, stack(0x00000014bc900000,0x00000014bca00000) (1024K)]
  0x0000017b576fe860 WorkerThread "G1 Conc#0"                       [id=18860, stack(0x00000014bca00000,0x00000014bcb00000) (1024K)]
  0x0000017b76b399a0 ConcurrentGCThread "G1 Refine#0"               [id=24308, stack(0x00000014bcb00000,0x00000014bcc00000) (1024K)]
  0x0000017b76b3a430 ConcurrentGCThread "G1 Service"                [id=17220, stack(0x00000014bcc00000,0x00000014bcd00000) (1024K)]
Total: 7

Threads with active compile tasks:
Total: 0

VM state: not at safepoint (normal execution)

VM Mutex/Monitor currently owned by a thread: None

Heap address: 0x0000000084800000, size: 1976 MB, Compressed Oops mode: 32-bit

CDS archive(s) mapped at: [0x0000017b00000000-0x0000017b00d40000-0x0000017b00d40000), size 13893632, SharedBaseAddress: 0x0000017b00000000, ArchiveRelocationMode: 1.
Compressed class space mapped at: 0x0000017b01000000-0x0000017b41000000, reserved size: 1073741824
UseCompressedClassPointers 1, UseCompactObjectHeaders 0
Narrow klass pointer bits 32, Max shift 3
Narrow klass base: 0x0000017b00000000, Narrow klass shift: 0
Encoding Range: [0x0000017b00000000 - 0x0000017c00000000), (4294967296 bytes)
Klass Range:    [0x0000017b00000000 - 0x0000017b41000000), (1090519040 bytes)
Klass ID Range:  [8 - 1090519033) (1090519025)

GC Precious Log:
 CardTable entry size: 512
 Card Set container configuration: InlinePtr #cards 5 size 8 Array Of Cards #cards 10 size 36 Howl #buckets 4 coarsen threshold 1843 Howl Bitmap #cards 512 size 80 coarsen threshold 460 Card regions per heap region 1 cards per card region 2048
 CPUs: 12 total, 12 available
 Memory: 7896M
 Large Page Support: Disabled
 NUMA Support: Disabled
 Compressed Oops: Enabled (32-bit)
 Heap Region Size: 1M
 Heap Min Capacity: 8M
 Heap Initial Capacity: 124M
 Heap Max Capacity: 1976M
 Pre-touch: Disabled
 Parallel Workers: 10
 Concurrent Workers: 3
 Concurrent Refinement Workers: 10
 Periodic GC: Disabled

Heap:
 garbage-first heap   total reserved 2023424K, committed 129024K, used 29808K [0x0000000084800000, 0x0000000100000000)
  region size 1024K, 29 young (29696K), 0 survivors (0K)
 Metaspace       used 7914K, committed 8128K, reserved 1114112K
  class space    used 742K, committed 832K, reserved 1048576K

Heap Regions: E=young(eden), S=young(survivor), O=old, HS=humongous(starts), HC=humongous(continues), CS=collection set, F=free, TAMS=top-at-mark-start, PB=parsable bottom
|   0|0x0000000084800000, 0x0000000084800000, 0x0000000084900000|  0%| F|  |TAMS 0x0000000084800000| PB 0x0000000084800000| Untracked |  0
|   1|0x0000000084900000, 0x0000000084900000, 0x0000000084a00000|  0%| F|  |TAMS 0x0000000084900000| PB 0x0000000084900000| Untracked |  0
|   2|0x0000000084a00000, 0x0000000084a00000, 0x0000000084b00000|  0%| F|  |TAMS 0x0000000084a00000| PB 0x0000000084a00000| Untracked |  0
|   3|0x0000000084b00000, 0x0000000084b00000, 0x0000000084c00000|  0%| F|  |TAMS 0x0000000084b00000| PB 0x0000000084b00000| Untracked |  0
|   4|0x0000000084c00000, 0x0000000084c00000, 0x0000000084d00000|  0%| F|  |TAMS 0x0000000084c00000| PB 0x0000000084c00000| Untracked |  0
|   5|0x0000000084d00000, 0x0000000084d00000, 0x0000000084e00000|  0%| F|  |TAMS 0x0000000084d00000| PB 0x0000000084d00000| Untracked |  0
|   6|0x0000000084e00000, 0x0000000084e00000, 0x0000000084f00000|  0%| F|  |TAMS 0x0000000084e00000| PB 0x0000000084e00000| Untracked |  0
|   7|0x0000000084f00000, 0x0000000084f00000, 0x0000000085000000|  0%| F|  |TAMS 0x0000000084f00000| PB 0x0000000084f00000| Untracked |  0
|   8|0x0000000085000000, 0x0000000085000000, 0x0000000085100000|  0%| F|  |TAMS 0x0000000085000000| PB 0x0000000085000000| Untracked |  0
|   9|0x0000000085100000, 0x0000000085100000, 0x0000000085200000|  0%| F|  |TAMS 0x0000000085100000| PB 0x0000000085100000| Untracked |  0
|  10|0x0000000085200000, 0x0000000085200000, 0x0000000085300000|  0%| F|  |TAMS 0x0000000085200000| PB 0x0000000085200000| Untracked |  0
|  11|0x0000000085300000, 0x0000000085300000, 0x0000000085400000|  0%| F|  |TAMS 0x0000000085300000| PB 0x0000000085300000| Untracked |  0
|  12|0x0000000085400000, 0x0000000085400000, 0x0000000085500000|  0%| F|  |TAMS 0x0000000085400000| PB 0x0000000085400000| Untracked |  0
|  13|0x0000000085500000, 0x0000000085500000, 0x0000000085600000|  0%| F|  |TAMS 0x0000000085500000| PB 0x0000000085500000| Untracked |  0
|  14|0x0000000085600000, 0x0000000085600000, 0x0000000085700000|  0%| F|  |TAMS 0x0000000085600000| PB 0x0000000085600000| Untracked |  0
|  15|0x0000000085700000, 0x0000000085700000, 0x0000000085800000|  0%| F|  |TAMS 0x0000000085700000| PB 0x0000000085700000| Untracked |  0
|  16|0x0000000085800000, 0x0000000085800000, 0x0000000085900000|  0%| F|  |TAMS 0x0000000085800000| PB 0x0000000085800000| Untracked |  0
|  17|0x0000000085900000, 0x0000000085900000, 0x0000000085a00000|  0%| F|  |TAMS 0x0000000085900000| PB 0x0000000085900000| Untracked |  0
|  18|0x0000000085a00000, 0x0000000085a00000, 0x0000000085b00000|  0%| F|  |TAMS 0x0000000085a00000| PB 0x0000000085a00000| Untracked |  0
|  19|0x0000000085b00000, 0x0000000085b00000, 0x0000000085c00000|  0%| F|  |TAMS 0x0000000085b00000| PB 0x0000000085b00000| Untracked |  0
|  20|0x0000000085c00000, 0x0000000085c00000, 0x0000000085d00000|  0%| F|  |TAMS 0x0000000085c00000| PB 0x0000000085c00000| Untracked |  0
|  21|0x0000000085d00000, 0x0000000085d00000, 0x0000000085e00000|  0%| F|  |TAMS 0x0000000085d00000| PB 0x0000000085d00000| Untracked |  0
|  22|0x0000000085e00000, 0x0000000085e00000, 0x0000000085f00000|  0%| F|  |TAMS 0x0000000085e00000| PB 0x0000000085e00000| Untracked |  0
|  23|0x0000000085f00000, 0x0000000085f00000, 0x0000000086000000|  0%| F|  |TAMS 0x0000000085f00000| PB 0x0000000085f00000| Untracked |  0
|  24|0x0000000086000000, 0x0000000086000000, 0x0000000086100000|  0%| F|  |TAMS 0x0000000086000000| PB 0x0000000086000000| Untracked |  0
|  25|0x0000000086100000, 0x0000000086100000, 0x0000000086200000|  0%| F|  |TAMS 0x0000000086100000| PB 0x0000000086100000| Untracked |  0
|  26|0x0000000086200000, 0x0000000086200000, 0x0000000086300000|  0%| F|  |TAMS 0x0000000086200000| PB 0x0000000086200000| Untracked |  0
|  27|0x0000000086300000, 0x0000000086300000, 0x0000000086400000|  0%| F|  |TAMS 0x0000000086300000| PB 0x0000000086300000| Untracked |  0
|  28|0x0000000086400000, 0x0000000086400000, 0x0000000086500000|  0%| F|  |TAMS 0x0000000086400000| PB 0x0000000086400000| Untracked |  0
|  29|0x0000000086500000, 0x0000000086500000, 0x0000000086600000|  0%| F|  |TAMS 0x0000000086500000| PB 0x0000000086500000| Untracked |  0
|  30|0x0000000086600000, 0x0000000086600000, 0x0000000086700000|  0%| F|  |TAMS 0x0000000086600000| PB 0x0000000086600000| Untracked |  0
|  31|0x0000000086700000, 0x0000000086700000, 0x0000000086800000|  0%| F|  |TAMS 0x0000000086700000| PB 0x0000000086700000| Untracked |  0
|  32|0x0000000086800000, 0x0000000086800000, 0x0000000086900000|  0%| F|  |TAMS 0x0000000086800000| PB 0x0000000086800000| Untracked |  0
|  33|0x0000000086900000, 0x0000000086900000, 0x0000000086a00000|  0%| F|  |TAMS 0x0000000086900000| PB 0x0000000086900000| Untracked |  0
|  34|0x0000000086a00000, 0x0000000086a00000, 0x0000000086b00000|  0%| F|  |TAMS 0x0000000086a00000| PB 0x0000000086a00000| Untracked |  0
|  35|0x0000000086b00000, 0x0000000086b00000, 0x0000000086c00000|  0%| F|  |TAMS 0x0000000086b00000| PB 0x0000000086b00000| Untracked |  0
|  36|0x0000000086c00000, 0x0000000086c00000, 0x0000000086d00000|  0%| F|  |TAMS 0x0000000086c00000| PB 0x0000000086c00000| Untracked |  0
|  37|0x0000000086d00000, 0x0000000086d00000, 0x0000000086e00000|  0%| F|  |TAMS 0x0000000086d00000| PB 0x0000000086d00000| Untracked |  0
|  38|0x0000000086e00000, 0x0000000086e00000, 0x0000000086f00000|  0%| F|  |TAMS 0x0000000086e00000| PB 0x0000000086e00000| Untracked |  0
|  39|0x0000000086f00000, 0x0000000086f00000, 0x0000000087000000|  0%| F|  |TAMS 0x0000000086f00000| PB 0x0000000086f00000| Untracked |  0
|  40|0x0000000087000000, 0x0000000087000000, 0x0000000087100000|  0%| F|  |TAMS 0x0000000087000000| PB 0x0000000087000000| Untracked |  0
|  41|0x0000000087100000, 0x0000000087100000, 0x0000000087200000|  0%| F|  |TAMS 0x0000000087100000| PB 0x0000000087100000| Untracked |  0
|  42|0x0000000087200000, 0x0000000087200000, 0x0000000087300000|  0%| F|  |TAMS 0x0000000087200000| PB 0x0000000087200000| Untracked |  0
|  43|0x0000000087300000, 0x0000000087300000, 0x0000000087400000|  0%| F|  |TAMS 0x0000000087300000| PB 0x0000000087300000| Untracked |  0
|  44|0x0000000087400000, 0x0000000087400000, 0x0000000087500000|  0%| F|  |TAMS 0x0000000087400000| PB 0x0000000087400000| Untracked |  0
|  45|0x0000000087500000, 0x0000000087500000, 0x0000000087600000|  0%| F|  |TAMS 0x0000000087500000| PB 0x0000000087500000| Untracked |  0
|  46|0x0000000087600000, 0x0000000087600000, 0x0000000087700000|  0%| F|  |TAMS 0x0000000087600000| PB 0x0000000087600000| Untracked |  0
|  47|0x0000000087700000, 0x0000000087700000, 0x0000000087800000|  0%| F|  |TAMS 0x0000000087700000| PB 0x0000000087700000| Untracked |  0
|  48|0x0000000087800000, 0x0000000087800000, 0x0000000087900000|  0%| F|  |TAMS 0x0000000087800000| PB 0x0000000087800000| Untracked |  0
|  49|0x0000000087900000, 0x0000000087900000, 0x0000000087a00000|  0%| F|  |TAMS 0x0000000087900000| PB 0x0000000087900000| Untracked |  0
|  50|0x0000000087a00000, 0x0000000087a00000, 0x0000000087b00000|  0%| F|  |TAMS 0x0000000087a00000| PB 0x0000000087a00000| Untracked |  0
|  51|0x0000000087b00000, 0x0000000087b00000, 0x0000000087c00000|  0%| F|  |TAMS 0x0000000087b00000| PB 0x0000000087b00000| Untracked |  0
|  52|0x0000000087c00000, 0x0000000087c00000, 0x0000000087d00000|  0%| F|  |TAMS 0x0000000087c00000| PB 0x0000000087c00000| Untracked |  0
|  53|0x0000000087d00000, 0x0000000087d00000, 0x0000000087e00000|  0%| F|  |TAMS 0x0000000087d00000| PB 0x0000000087d00000| Untracked |  0
|  54|0x0000000087e00000, 0x0000000087e00000, 0x0000000087f00000|  0%| F|  |TAMS 0x0000000087e00000| PB 0x0000000087e00000| Untracked |  0
|  55|0x0000000087f00000, 0x0000000087f00000, 0x0000000088000000|  0%| F|  |TAMS 0x0000000087f00000| PB 0x0000000087f00000| Untracked |  0
|  56|0x0000000088000000, 0x0000000088000000, 0x0000000088100000|  0%| F|  |TAMS 0x0000000088000000| PB 0x0000000088000000| Untracked |  0
|  57|0x0000000088100000, 0x0000000088100000, 0x0000000088200000|  0%| F|  |TAMS 0x0000000088100000| PB 0x0000000088100000| Untracked |  0
|  58|0x0000000088200000, 0x0000000088200000, 0x0000000088300000|  0%| F|  |TAMS 0x0000000088200000| PB 0x0000000088200000| Untracked |  0
|  59|0x0000000088300000, 0x0000000088300000, 0x0000000088400000|  0%| F|  |TAMS 0x0000000088300000| PB 0x0000000088300000| Untracked |  0
|  60|0x0000000088400000, 0x0000000088400000, 0x0000000088500000|  0%| F|  |TAMS 0x0000000088400000| PB 0x0000000088400000| Untracked |  0
|  61|0x0000000088500000, 0x0000000088500000, 0x0000000088600000|  0%| F|  |TAMS 0x0000000088500000| PB 0x0000000088500000| Untracked |  0
|  62|0x0000000088600000, 0x0000000088600000, 0x0000000088700000|  0%| F|  |TAMS 0x0000000088600000| PB 0x0000000088600000| Untracked |  0
|  63|0x0000000088700000, 0x0000000088700000, 0x0000000088800000|  0%| F|  |TAMS 0x0000000088700000| PB 0x0000000088700000| Untracked |  0
|  64|0x0000000088800000, 0x0000000088800000, 0x0000000088900000|  0%| F|  |TAMS 0x0000000088800000| PB 0x0000000088800000| Untracked |  0
|  65|0x0000000088900000, 0x0000000088900000, 0x0000000088a00000|  0%| F|  |TAMS 0x0000000088900000| PB 0x0000000088900000| Untracked |  0
|  66|0x0000000088a00000, 0x0000000088a00000, 0x0000000088b00000|  0%| F|  |TAMS 0x0000000088a00000| PB 0x0000000088a00000| Untracked |  0
|  67|0x0000000088b00000, 0x0000000088b00000, 0x0000000088c00000|  0%| F|  |TAMS 0x0000000088b00000| PB 0x0000000088b00000| Untracked |  0
|  68|0x0000000088c00000, 0x0000000088c00000, 0x0000000088d00000|  0%| F|  |TAMS 0x0000000088c00000| PB 0x0000000088c00000| Untracked |  0
|  69|0x0000000088d00000, 0x0000000088d00000, 0x0000000088e00000|  0%| F|  |TAMS 0x0000000088d00000| PB 0x0000000088d00000| Untracked |  0
|  70|0x0000000088e00000, 0x0000000088e00000, 0x0000000088f00000|  0%| F|  |TAMS 0x0000000088e00000| PB 0x0000000088e00000| Untracked |  0
|  71|0x0000000088f00000, 0x0000000088f00000, 0x0000000089000000|  0%| F|  |TAMS 0x0000000088f00000| PB 0x0000000088f00000| Untracked |  0
|  72|0x0000000089000000, 0x0000000089000000, 0x0000000089100000|  0%| F|  |TAMS 0x0000000089000000| PB 0x0000000089000000| Untracked |  0
|  73|0x0000000089100000, 0x0000000089100000, 0x0000000089200000|  0%| F|  |TAMS 0x0000000089100000| PB 0x0000000089100000| Untracked |  0
|  74|0x0000000089200000, 0x0000000089200000, 0x0000000089300000|  0%| F|  |TAMS 0x0000000089200000| PB 0x0000000089200000| Untracked |  0
|  75|0x0000000089300000, 0x0000000089300000, 0x0000000089400000|  0%| F|  |TAMS 0x0000000089300000| PB 0x0000000089300000| Untracked |  0
|  76|0x0000000089400000, 0x0000000089400000, 0x0000000089500000|  0%| F|  |TAMS 0x0000000089400000| PB 0x0000000089400000| Untracked |  0
|  77|0x0000000089500000, 0x0000000089500000, 0x0000000089600000|  0%| F|  |TAMS 0x0000000089500000| PB 0x0000000089500000| Untracked |  0
|  78|0x0000000089600000, 0x0000000089600000, 0x0000000089700000|  0%| F|  |TAMS 0x0000000089600000| PB 0x0000000089600000| Untracked |  0
|  79|0x0000000089700000, 0x0000000089700000, 0x0000000089800000|  0%| F|  |TAMS 0x0000000089700000| PB 0x0000000089700000| Untracked |  0
|  80|0x0000000089800000, 0x0000000089800000, 0x0000000089900000|  0%| F|  |TAMS 0x0000000089800000| PB 0x0000000089800000| Untracked |  0
|  81|0x0000000089900000, 0x0000000089900000, 0x0000000089a00000|  0%| F|  |TAMS 0x0000000089900000| PB 0x0000000089900000| Untracked |  0
|  82|0x0000000089a00000, 0x0000000089a00000, 0x0000000089b00000|  0%| F|  |TAMS 0x0000000089a00000| PB 0x0000000089a00000| Untracked |  0
|  83|0x0000000089b00000, 0x0000000089b00000, 0x0000000089c00000|  0%| F|  |TAMS 0x0000000089b00000| PB 0x0000000089b00000| Untracked |  0
|  84|0x0000000089c00000, 0x0000000089c00000, 0x0000000089d00000|  0%| F|  |TAMS 0x0000000089c00000| PB 0x0000000089c00000| Untracked |  0
|  85|0x0000000089d00000, 0x0000000089d00000, 0x0000000089e00000|  0%| F|  |TAMS 0x0000000089d00000| PB 0x0000000089d00000| Untracked |  0
|  86|0x0000000089e00000, 0x0000000089e00000, 0x0000000089f00000|  0%| F|  |TAMS 0x0000000089e00000| PB 0x0000000089e00000| Untracked |  0
|  87|0x0000000089f00000, 0x0000000089f00000, 0x000000008a000000|  0%| F|  |TAMS 0x0000000089f00000| PB 0x0000000089f00000| Untracked |  0
|  88|0x000000008a000000, 0x000000008a000000, 0x000000008a100000|  0%| F|  |TAMS 0x000000008a000000| PB 0x000000008a000000| Untracked |  0
|  89|0x000000008a100000, 0x000000008a100000, 0x000000008a200000|  0%| F|  |TAMS 0x000000008a100000| PB 0x000000008a100000| Untracked |  0
|  90|0x000000008a200000, 0x000000008a200000, 0x000000008a300000|  0%| F|  |TAMS 0x000000008a200000| PB 0x000000008a200000| Untracked |  0
|  91|0x000000008a300000, 0x000000008a300000, 0x000000008a400000|  0%| F|  |TAMS 0x000000008a300000| PB 0x000000008a300000| Untracked |  0
|  92|0x000000008a400000, 0x000000008a400000, 0x000000008a500000|  0%| F|  |TAMS 0x000000008a400000| PB 0x000000008a400000| Untracked |  0
|  93|0x000000008a500000, 0x000000008a500000, 0x000000008a600000|  0%| F|  |TAMS 0x000000008a500000| PB 0x000000008a500000| Untracked |  0
|  94|0x000000008a600000, 0x000000008a600000, 0x000000008a700000|  0%| F|  |TAMS 0x000000008a600000| PB 0x000000008a600000| Untracked |  0
|  95|0x000000008a700000, 0x000000008a79a038, 0x000000008a800000| 60%| E|  |TAMS 0x000000008a700000| PB 0x000000008a700000| Complete |  0
|  96|0x000000008a800000, 0x000000008a900000, 0x000000008a900000|100%| E|CS|TAMS 0x000000008a800000| PB 0x000000008a800000| Complete |  0
|  97|0x000000008a900000, 0x000000008aa00000, 0x000000008aa00000|100%| E|CS|TAMS 0x000000008a900000| PB 0x000000008a900000| Complete |  0
|  98|0x000000008aa00000, 0x000000008ab00000, 0x000000008ab00000|100%| E|CS|TAMS 0x000000008aa00000| PB 0x000000008aa00000| Complete |  0
|  99|0x000000008ab00000, 0x000000008ac00000, 0x000000008ac00000|100%| E|CS|TAMS 0x000000008ab00000| PB 0x000000008ab00000| Complete |  0
| 100|0x000000008ac00000, 0x000000008ad00000, 0x000000008ad00000|100%| E|CS|TAMS 0x000000008ac00000| PB 0x000000008ac00000| Complete |  0
| 101|0x000000008ad00000, 0x000000008ae00000, 0x000000008ae00000|100%| E|CS|TAMS 0x000000008ad00000| PB 0x000000008ad00000| Complete |  0
| 102|0x000000008ae00000, 0x000000008af00000, 0x000000008af00000|100%| E|CS|TAMS 0x000000008ae00000| PB 0x000000008ae00000| Complete |  0
| 103|0x000000008af00000, 0x000000008b000000, 0x000000008b000000|100%| E|CS|TAMS 0x000000008af00000| PB 0x000000008af00000| Complete |  0
| 104|0x000000008b000000, 0x000000008b100000, 0x000000008b100000|100%| E|CS|TAMS 0x000000008b000000| PB 0x000000008b000000| Complete |  0
| 105|0x000000008b100000, 0x000000008b200000, 0x000000008b200000|100%| E|CS|TAMS 0x000000008b100000| PB 0x000000008b100000| Complete |  0
| 106|0x000000008b200000, 0x000000008b300000, 0x000000008b300000|100%| E|CS|TAMS 0x000000008b200000| PB 0x000000008b200000| Complete |  0
| 107|0x000000008b300000, 0x000000008b400000, 0x000000008b400000|100%| E|CS|TAMS 0x000000008b300000| PB 0x000000008b300000| Complete |  0
| 108|0x000000008b400000, 0x000000008b500000, 0x000000008b500000|100%| E|CS|TAMS 0x000000008b400000| PB 0x000000008b400000| Complete |  0
| 109|0x000000008b500000, 0x000000008b600000, 0x000000008b600000|100%| E|CS|TAMS 0x000000008b500000| PB 0x000000008b500000| Complete |  0
| 110|0x000000008b600000, 0x000000008b700000, 0x000000008b700000|100%| E|CS|TAMS 0x000000008b600000| PB 0x000000008b600000| Complete |  0
| 111|0x000000008b700000, 0x000000008b800000, 0x000000008b800000|100%| E|CS|TAMS 0x000000008b700000| PB 0x000000008b700000| Complete |  0
| 112|0x000000008b800000, 0x000000008b900000, 0x000000008b900000|100%| E|CS|TAMS 0x000000008b800000| PB 0x000000008b800000| Complete |  0
| 113|0x000000008b900000, 0x000000008ba00000, 0x000000008ba00000|100%| E|CS|TAMS 0x000000008b900000| PB 0x000000008b900000| Complete |  0
| 114|0x000000008ba00000, 0x000000008bb00000, 0x000000008bb00000|100%| E|CS|TAMS 0x000000008ba00000| PB 0x000000008ba00000| Complete |  0
| 115|0x000000008bb00000, 0x000000008bc00000, 0x000000008bc00000|100%| E|CS|TAMS 0x000000008bb00000| PB 0x000000008bb00000| Complete |  0
| 116|0x000000008bc00000, 0x000000008bd00000, 0x000000008bd00000|100%| E|CS|TAMS 0x000000008bc00000| PB 0x000000008bc00000| Complete |  0
| 117|0x000000008bd00000, 0x000000008be00000, 0x000000008be00000|100%| E|CS|TAMS 0x000000008bd00000| PB 0x000000008bd00000| Complete |  0
| 118|0x000000008be00000, 0x000000008bf00000, 0x000000008bf00000|100%| E|CS|TAMS 0x000000008be00000| PB 0x000000008be00000| Complete |  0
| 119|0x000000008bf00000, 0x000000008c000000, 0x000000008c000000|100%| E|CS|TAMS 0x000000008bf00000| PB 0x000000008bf00000| Complete |  0
| 120|0x000000008c000000, 0x000000008c100000, 0x000000008c100000|100%| E|CS|TAMS 0x000000008c000000| PB 0x000000008c000000| Complete |  0
| 121|0x000000008c100000, 0x000000008c200000, 0x000000008c200000|100%| E|CS|TAMS 0x000000008c100000| PB 0x000000008c100000| Complete |  0
| 122|0x000000008c200000, 0x000000008c300000, 0x000000008c300000|100%| E|CS|TAMS 0x000000008c200000| PB 0x000000008c200000| Complete |  0
| 123|0x000000008c300000, 0x000000008c400000, 0x000000008c400000|100%| E|CS|TAMS 0x000000008c300000| PB 0x000000008c300000| Complete |  0
|1974|0x00000000ffe00000, 0x00000000fff00000, 0x00000000fff00000|100%| O|  |TAMS 0x00000000ffe00000| PB 0x00000000ffe00000| Untracked |  0
|1975|0x00000000fff00000, 0x00000000fff1c348, 0x0000000100000000| 11%| O|  |TAMS 0x00000000fff00000| PB 0x00000000fff00000| Untracked |  0

Card table byte_map: [0x0000017b71d00000,0x0000017b720e0000] _byte_map_base: 0x0000017b718dc000

Marking Bits: (CMBitMap*) 0x0000017b59242fc0
 Bits: [0x0000017b720e0000, 0x0000017b73fc0000)

Polling page: 0x0000017b592b0000

Metaspace:

Usage:
  Non-class:      7.00 MB used.
      Class:    742.33 KB used.
       Both:      7.73 MB used.

Virtual space:
  Non-class space:       64.00 MB reserved,       7.12 MB ( 11%) committed,  1 nodes.
      Class space:        1.00 GB reserved,     832.00 KB ( <1%) committed,  1 nodes.
             Both:        1.06 GB reserved,       7.94 MB ( <1%) committed. 

Chunk freelists:
   Non-Class:  8.47 MB
       Class:  15.19 MB
        Both:  23.66 MB

MaxMetaspaceSize: unlimited
CompressedClassSpaceSize: 1.00 GB
Initial GC threshold: 21.00 MB
Current GC threshold: 21.00 MB
CDS: on
 - commit_granule_bytes: 65536.
 - commit_granule_words: 8192.
 - virtual_space_node_default_size: 8388608.
 - enlarge_chunks_in_place: 1.
UseCompressedClassPointers 1, UseCompactObjectHeaders 0
Narrow klass pointer bits 32, Max shift 3
Narrow klass base: 0x0000017b00000000, Narrow klass shift: 0
Encoding Range: [0x0000017b00000000 - 0x0000017c00000000), (4294967296 bytes)
Klass Range:    [0x0000017b00000000 - 0x0000017b41000000), (1090519040 bytes)
Klass ID Range:  [8 - 1090519033) (1090519025)


Internal statistics:

num_allocs_failed_limit: 0.
num_arena_births: 192.
num_arena_deaths: 0.
num_vsnodes_births: 2.
num_vsnodes_deaths: 0.
num_space_committed: 127.
num_space_uncommitted: 0.
num_chunks_returned_to_freelist: 0.
num_chunks_taken_from_freelist: 271.
num_chunk_merges: 0.
num_chunk_splits: 149.
num_chunks_enlarged: 44.
num_inconsistent_stats: 0.

CodeHeap 'non-profiled nmethods': size=120064Kb used=598Kb max_used=598Kb free=119465Kb
 bounds [0x0000017b69760000, 0x0000017b699d0000, 0x0000017b70ca0000]
CodeHeap 'profiled nmethods': size=120000Kb used=2559Kb max_used=2559Kb free=117440Kb
 bounds [0x0000017b61ca0000, 0x0000017b61f20000, 0x0000017b691d0000]
CodeHeap 'non-nmethods': size=5696Kb used=1337Kb max_used=1390Kb free=4359Kb
 bounds [0x0000017b691d0000, 0x0000017b69440000, 0x0000017b69760000]
CodeCache: size=245760Kb, used=4494Kb, max_used=4547Kb, free=241264Kb
 total_blobs=2336, nmethods=1832, adapters=409, full_count=0
Compilation: enabled, stopped_count=0, restarted_count=0

Compilation events (20 events):
Event: 10.598 Thread 0x0000017b76ca4d40 1830       3       java.lang.invoke.MemberName::<init> (139 bytes)
Event: 10.598 Thread 0x0000017b76ca2470 nmethod 1783 0x0000017b697f1a08 code [0x0000017b697f1c60, 0x0000017b697f2848]
Event: 10.598 Thread 0x0000017b76ca2470 1804  s    4       java.io.ByteArrayOutputStream::write (32 bytes)
Event: 10.599 Thread 0x0000017b76ca4d40 nmethod 1830 0x0000017b61f1dc88 code [0x0000017b61f1df20, 0x0000017b61f1f370]
Event: 10.599 Thread 0x0000017b76ca4d40 1832       3       java.util.Comparator$$Lambda/0x0000017b010a4dd8::compare (10 bytes)
Event: 10.599 Thread 0x0000017b76ca4d40 nmethod 1832 0x0000017b61f1f408 code [0x0000017b61f1f560, 0x0000017b61f1f9d0]
Event: 10.599 Thread 0x0000017b76ca4d40 1833       3       java.util.Comparator::lambda$comparingLong$6043328a$1 (18 bytes)
Event: 10.600 Thread 0x0000017b76ca4d40 nmethod 1833 0x0000017b61f1fa08 code [0x0000017b61f1fb60, 0x0000017b61f1ff40]
Event: 10.600 Thread 0x0000017b76ca4d40 1831       1       jdk.jfr.internal.periodic.PeriodicTask::getPeriod (5 bytes)
Event: 10.600 Thread 0x0000017b76ca4d40 nmethod 1831 0x0000017b697f2908 code [0x0000017b697f2a00, 0x0000017b697f2ac8]
Event: 10.601 Thread 0x0000017b76ca2470 nmethod 1804 0x0000017b697f2c08 code [0x0000017b697f2d40, 0x0000017b697f3228]
Event: 10.601 Thread 0x0000017b76ca2470 1802       4       java.util.LinkedHashMap::get (29 bytes)
Event: 10.601 Thread 0x0000017b452c4060 nmethod 1805 0x0000017b697f3288 code [0x0000017b697f33e0, 0x0000017b697f3bb0]
Event: 10.601 Thread 0x0000017b452c4060 1799       4       java.util.LinkedHashMap::linkNodeAtEnd (76 bytes)
Event: 10.602 Thread 0x0000017b452c4060 nmethod 1799 0x0000017b697f3c08 code [0x0000017b697f3d20, 0x0000017b697f4228]
Event: 10.602 Thread 0x0000017b452c4060 1797       4       jdk.jfr.internal.MetadataWriter::writeInt (148 bytes)
Event: 10.608 Thread 0x0000017b452c4060 nmethod 1797 0x0000017b697f4288 code [0x0000017b697f4460, 0x0000017b697f4e98]
Event: 10.608 Thread 0x0000017b452c4060 1807       4       java.lang.Long::<init> (10 bytes)
Event: 10.608 Thread 0x0000017b452c4060 nmethod 1807 0x0000017b697f4f08 code [0x0000017b697f5000, 0x0000017b697f5078]
Event: 10.608 Thread 0x0000017b76ca2470 nmethod 1802 0x0000017b697f5208 code [0x0000017b697f5360, 0x0000017b697f5918]

GC Heap History (0 events):
No events

Dll operation events (12 events):
Event: 0.050 Loaded shared library C:\Users\Jardilson\.jdks\openjdk-24\bin\java.dll
Event: 0.090 Loaded shared library C:\Users\Jardilson\.jdks\openjdk-24\bin\jsvml.dll
Event: 0.144 Loaded shared library C:\Users\Jardilson\.jdks\openjdk-24\bin\zip.dll
Event: 0.149 Loaded shared library C:\Users\Jardilson\.jdks\openjdk-24\bin\instrument.dll
Event: 0.156 Loaded shared library C:\Users\Jardilson\.jdks\openjdk-24\bin\net.dll
Event: 0.159 Loaded shared library C:\Users\Jardilson\.jdks\openjdk-24\bin\nio.dll
Event: 0.164 Loaded shared library C:\Users\Jardilson\.jdks\openjdk-24\bin\zip.dll
Event: 0.197 Loaded shared library C:\Users\Jardilson\.jdks\openjdk-24\bin\extnet.dll
Event: 0.271 Loaded shared library C:\Users\Jardilson\.jdks\openjdk-24\bin\jimage.dll
Event: 1.877 Loaded shared library C:\Users\Jardilson\.jdks\openjdk-24\bin\management.dll
Event: 1.892 Loaded shared library C:\Users\Jardilson\.jdks\openjdk-24\bin\management_ext.dll
Event: 10.295 Loaded shared library C:\Users\Jardilson\AppData\Local\Temp\idea_libasyncProfiler_dll_temp_folder\libasyncProfiler.dll

Deoptimization events (20 events):
Event: 10.463 Thread 0x0000017b76c9b980 Uncommon trap: trap_request=0xffffff4d fr.pc=0x0000017b697df1d8 relative=0x00000000000000b8
Event: 10.463 Thread 0x0000017b76c9b980 Uncommon trap: reason=unstable_if action=reinterpret pc=0x0000017b697df1d8 method=jdk.jfr.internal.Type.getKnownType(Ljava/lang/Class;)Ljdk/jfr/internal/Type; @ 47 c2
Event: 10.463 Thread 0x0000017b76c9b980 DEOPT PACKING pc=0x0000017b697df1d8 sp=0x00000014bd2fde70
Event: 10.463 Thread 0x0000017b76c9b980 DEOPT UNPACKING pc=0x0000017b692e6382 sp=0x00000014bd2fde08 mode 2
Event: 10.491 Thread 0x0000017b76c9b980 Uncommon trap: trap_request=0xffffffcc fr.pc=0x0000017b697e1f7c relative=0x00000000000003bc
Event: 10.491 Thread 0x0000017b76c9b980 Uncommon trap: reason=intrinsic_or_type_checked_inlining action=make_not_entrant pc=0x0000017b697e1f7c method=java.util.Arrays.copyOf([Ljava/lang/Object;ILjava/lang/Class;)[Ljava/lang/Object; @ 35 c2
Event: 10.491 Thread 0x0000017b76c9b980 DEOPT PACKING pc=0x0000017b697e1f7c sp=0x00000014bd2fdfe0
Event: 10.491 Thread 0x0000017b76c9b980 DEOPT UNPACKING pc=0x0000017b692e6382 sp=0x00000014bd2fdf88 mode 2
Event: 10.568 Thread 0x0000017b76c9b980 Uncommon trap: trap_request=0xffffff4d fr.pc=0x0000017b697e2390 relative=0x00000000000000f0
Event: 10.568 Thread 0x0000017b76c9b980 Uncommon trap: reason=unstable_if action=reinterpret pc=0x0000017b697e2390 method=java.lang.Long.valueOf(J)Ljava/lang/Long; @ 9 c2
Event: 10.568 Thread 0x0000017b76c9b980 DEOPT PACKING pc=0x0000017b697e2390 sp=0x00000014bd2fe4f0
Event: 10.568 Thread 0x0000017b76c9b980 DEOPT UNPACKING pc=0x0000017b692e6382 sp=0x00000014bd2fe488 mode 2
Event: 10.577 Thread 0x0000017b76c9b980 Uncommon trap: trap_request=0xffffff4d fr.pc=0x0000017b697ed028 relative=0x0000000000000208
Event: 10.577 Thread 0x0000017b76c9b980 Uncommon trap: reason=unstable_if action=reinterpret pc=0x0000017b697ed028 method=java.io.ByteArrayOutputStream.ensureCapacity(I)V @ 11 c2
Event: 10.577 Thread 0x0000017b76c9b980 DEOPT PACKING pc=0x0000017b697ed028 sp=0x00000014bd2fe390
Event: 10.577 Thread 0x0000017b76c9b980 DEOPT UNPACKING pc=0x0000017b692e6382 sp=0x00000014bd2fe2c8 mode 2
Event: 10.581 Thread 0x0000017b76c9b980 Uncommon trap: trap_request=0xffffff4d fr.pc=0x0000017b697ed8e8 relative=0x00000000000003c8
Event: 10.581 Thread 0x0000017b76c9b980 Uncommon trap: reason=unstable_if action=reinterpret pc=0x0000017b697ed8e8 method=java.io.ByteArrayOutputStream.ensureCapacity(I)V @ 11 c2
Event: 10.581 Thread 0x0000017b76c9b980 DEOPT PACKING pc=0x0000017b697ed8e8 sp=0x00000014bd2fe260
Event: 10.581 Thread 0x0000017b76c9b980 DEOPT UNPACKING pc=0x0000017b692e6382 sp=0x00000014bd2fe140 mode 2

Classes loaded (20 events):
Event: 10.557 Loading class jdk/jfr/internal/MetadataWriter
Event: 10.558 Loading class jdk/jfr/internal/MetadataWriter done
Event: 10.558 Loading class jdk/jfr/internal/MetadataDescriptor$Element
Event: 10.558 Loading class jdk/jfr/internal/MetadataDescriptor$Element done
Event: 10.559 Loading class jdk/jfr/internal/MetadataDescriptor$Attribute
Event: 10.559 Loading class jdk/jfr/internal/MetadataDescriptor$Attribute done
Event: 10.570 Loading class jdk/jfr/internal/consumer/StringParser$Encoding
Event: 10.571 Loading class jdk/jfr/internal/consumer/StringParser$Encoding done
Event: 10.585 Loading class jdk/jfr/internal/consumer/RepositoryFiles
Event: 10.586 Loading class jdk/jfr/internal/consumer/RepositoryFiles done
Event: 10.589 Loading class jdk/jfr/internal/SettingsManager$InternalSetting
Event: 10.589 Loading class jdk/jfr/internal/SettingsManager$InternalSetting done
Event: 10.591 Loading class jdk/jfr/internal/util/Rate
Event: 10.591 Loading class jdk/jfr/internal/util/Rate done
Event: 10.591 Loading class jdk/jfr/internal/util/TimespanUnit
Event: 10.591 Loading class jdk/jfr/internal/util/TimespanUnit done
Event: 10.591 Loading class jdk/jfr/internal/util/ValueParser
Event: 10.592 Loading class jdk/jfr/internal/util/ValueParser done
Event: 10.594 Loading class jdk/jfr/internal/periodic/PeriodicType
Event: 10.594 Loading class jdk/jfr/internal/periodic/PeriodicType done

Classes unloaded (0 events):
No events

Classes redefined (0 events):
No events

Internal exceptions (20 events):
Event: 2.284 Thread 0x0000017b45bd5270 Exception <a 'java/lang/NoSuchMethodError'{0x000000008b4c8030}: 'int java.lang.invoke.DelegatingMethodHandle$Holder.reinvoke_L(java.lang.Object, java.lang.Object, java.lang.Object, java.lang.Object, java.lang.Object)'> (0x000000008b4c8030) 
thrown [s\open\src\hotspot\share\interpreter\linkResolver.cpp, line 805]
Event: 2.290 Thread 0x0000017b45bd5270 Exception <a 'java/lang/NoSuchMethodError'{0x000000008b30b6a8}: 'java.lang.Object java.lang.invoke.DirectMethodHandle$Holder.invokeStatic(java.lang.Object, java.lang.Object, java.lang.Object, java.lang.Object, java.lang.Object, java.lang.Object, java.lang.Object, java.lang.Object)'> (0x000000008b30b6a8) 
thrown [s\open\src\hotspot\share\interpreter\linkResolver.cpp, line 805]
Event: 2.293 Thread 0x0000017b45bd5270 Exception <a 'java/lang/NoSuchMethodError'{0x000000008b32efb0}: 'java.lang.Object java.lang.invoke.DirectMethodHandle$Holder.invokeStatic(java.lang.Object, java.lang.Object, java.lang.Object, java.lang.Object, java.lang.Object, java.lang.Object, java.lang.Object, java.lang.Object, java.lang.Object)'> (0x000000008b32efb0) 
thrown [s\open\src\hotspot\share\interpreter\linkResolver.cpp, line 805]
Event: 2.294 Thread 0x0000017b45bd5270 Exception <a 'java/lang/NoSuchMethodError'{0x000000008b342460}: 'java.lang.Object java.lang.invoke.Invokers$Holder.invokeExact_MT(java.lang.Object, java.lang.Object, java.lang.Object, java.lang.Object, java.lang.Object, java.lang.Object)'> (0x000000008b342460) 
thrown [s\open\src\hotspot\share\interpreter\linkResolver.cpp, line 805]
Event: 2.298 Thread 0x0000017b45bd5270 Exception <a 'java/lang/NoSuchMethodError'{0x000000008b34e1a0}: 'java.lang.Object java.lang.invoke.DirectMethodHandle$Holder.invokeInterface(java.lang.Object, java.lang.Object, java.lang.Object, java.lang.Object, java.lang.Object)'> (0x000000008b34e1a0) 
thrown [s\open\src\hotspot\share\interpreter\linkResolver.cpp, line 805]
Event: 2.305 Thread 0x0000017b45bd5270 Exception <a 'java/lang/NoSuchMethodError'{0x000000008b3998a8}: 'double java.lang.invoke.DirectMethodHandle$Holder.invokeInterface(java.lang.Object, java.lang.Object)'> (0x000000008b3998a8) 
thrown [s\open\src\hotspot\share\interpreter\linkResolver.cpp, line 805]
Event: 2.306 Thread 0x0000017b45bd5270 Exception <a 'java/lang/NoSuchMethodError'{0x000000008b3aa518}: 'double java.lang.invoke.DelegatingMethodHandle$Holder.reinvoke_L(java.lang.Object, java.lang.Object)'> (0x000000008b3aa518) 
thrown [s\open\src\hotspot\share\interpreter\linkResolver.cpp, line 805]
Event: 2.775 Thread 0x0000017b45bd5270 Exception <a 'java/lang/NoSuchMethodError'{0x000000008b3d20d8}: 'long java.lang.invoke.DirectMethodHandle$Holder.invokeVirtual(java.lang.Object, java.lang.Object)'> (0x000000008b3d20d8) 
thrown [s\open\src\hotspot\share\interpreter\linkResolver.cpp, line 805]
Event: 2.776 Thread 0x0000017b45bd5270 Exception <a 'java/lang/NoSuchMethodError'{0x000000008b3da3c8}: 'java.lang.Object java.lang.invoke.DirectMethodHandle$Holder.invokeStatic(java.lang.Object, long)'> (0x000000008b3da3c8) 
thrown [s\open\src\hotspot\share\interpreter\linkResolver.cpp, line 805]
Event: 2.777 Thread 0x0000017b45bd5270 Exception <a 'java/lang/NoSuchMethodError'{0x000000008b3ea470}: 'long java.lang.invoke.DelegatingMethodHandle$Holder.reinvoke_L(java.lang.Object, java.lang.Object)'> (0x000000008b3ea470) 
thrown [s\open\src\hotspot\share\interpreter\linkResolver.cpp, line 805]
Event: 10.350 Thread 0x0000017b76c9b980 Exception <a 'java/lang/NoSuchMethodError'{0x000000008b139d78}: 'void java.lang.invoke.DirectMethodHandle$Holder.invokeStaticInit(java.lang.Object)'> (0x000000008b139d78) 
thrown [s\open\src\hotspot\share\interpreter\linkResolver.cpp, line 805]
Event: 10.361 Thread 0x0000017b76c9b980 Exception <a 'java/lang/NoSuchMethodError'{0x000000008b198818}: 'java.lang.Object java.lang.invoke.DirectMethodHandle$Holder.newInvokeSpecial(java.lang.Object, java.lang.Object, java.lang.Object, java.lang.Object, java.lang.Object)'> (0x000000008b198818) 
thrown [s\open\src\hotspot\share\interpreter\linkResolver.cpp, line 805]
Event: 10.411 Thread 0x0000017b76c9b980 Exception <a 'java/lang/NoSuchMethodError'{0x000000008af2daf0}: 'int java.lang.invoke.DirectMethodHandle$Holder.invokeStatic(java.lang.Object, java.lang.Object, java.lang.Object, java.lang.Object)'> (0x000000008af2daf0) 
thrown [s\open\src\hotspot\share\interpreter\linkResolver.cpp, line 805]
Event: 10.537 Thread 0x0000017b76c9b980 Exception <a 'java/lang/NoSuchMethodError'{0x000000008ab318b8}: 'void java.lang.invoke.DirectMethodHandle$Holder.invokeSpecial(java.lang.Object, java.lang.Object, int)'> (0x000000008ab318b8) 
thrown [s\open\src\hotspot\share\interpreter\linkResolver.cpp, line 805]
Event: 10.538 Thread 0x0000017b76c9b980 Exception <a 'java/lang/NoSuchMethodError'{0x000000008ab394d8}: 'void java.lang.invoke.Invokers$Holder.invokeExact_MT(java.lang.Object, int, java.lang.Object)'> (0x000000008ab394d8) 
thrown [s\open\src\hotspot\share\interpreter\linkResolver.cpp, line 805]
Event: 10.540 Thread 0x0000017b76c9b980 Exception <a 'java/lang/NoSuchMethodError'{0x000000008ab53d38}: 'void java.lang.invoke.DirectMethodHandle$Holder.invokeStatic(java.lang.Object, java.lang.Object, int)'> (0x000000008ab53d38) 
thrown [s\open\src\hotspot\share\interpreter\linkResolver.cpp, line 805]
Event: 10.541 Thread 0x0000017b76c9b980 Exception <a 'java/lang/NoSuchMethodError'{0x000000008ab62c40}: 'java.lang.Object java.lang.invoke.DirectMethodHandle$Holder.newInvokeSpecial(java.lang.Object, java.lang.Object, int)'> (0x000000008ab62c40) 
thrown [s\open\src\hotspot\share\interpreter\linkResolver.cpp, line 805]
Event: 10.547 Thread 0x0000017b76c9b980 Exception <a 'sun/nio/fs/WindowsException'{0x000000008aa17070}> (0x000000008aa17070) 
thrown [s\open\src\hotspot\share\prims\jni.cpp, line 518]
Event: 10.550 Thread 0x0000017b76c9b980 Exception <a 'sun/nio/fs/WindowsException'{0x000000008aa24018}> (0x000000008aa24018) 
thrown [s\open\src\hotspot\share\prims\jni.cpp, line 518]
Event: 10.555 Thread 0x0000017b76c9b980 Exception <a 'sun/nio/fs/WindowsException'{0x000000008aa360b0}> (0x000000008aa360b0) 
thrown [s\open\src\hotspot\share\prims\jni.cpp, line 518]

VM Operations (12 events):
Event: 0.123 Executing VM operation: HandshakeAllThreads (Deoptimize)
Event: 0.123 Executing VM operation: HandshakeAllThreads (Deoptimize) done
Event: 2.132 Executing VM operation: HandshakeAllThreads (Deoptimize)
Event: 2.132 Executing VM operation: HandshakeAllThreads (Deoptimize) done
Event: 2.207 Executing VM operation: HandshakeAllThreads (Deoptimize)
Event: 2.207 Executing VM operation: HandshakeAllThreads (Deoptimize) done
Event: 2.265 Executing VM operation: HandshakeAllThreads (Deoptimize)
Event: 2.265 Executing VM operation: HandshakeAllThreads (Deoptimize) done
Event: 10.543 Executing VM operation: HandshakeAllThreads (Deoptimize)
Event: 10.543 Executing VM operation: HandshakeAllThreads (Deoptimize) done
Event: 10.587 Executing VM operation: JFRSafepointClear
Event: 10.587 Executing VM operation: JFRSafepointClear done

Memory protections (0 events):
No events

Nmethod flushes (0 events):
No events

Events (20 events):
Event: 0.086 Thread 0x0000017b591ebe80 Thread added: 0x0000017b76c9c820
Event: 0.086 Thread 0x0000017b591ebe80 Thread added: 0x0000017b76c9b980
Event: 0.086 Thread 0x0000017b591ebe80 Thread added: 0x0000017b76c9c0d0
Event: 0.086 Thread 0x0000017b591ebe80 Thread added: 0x0000017b76c9b230
Event: 0.086 Thread 0x0000017b591ebe80 Thread added: 0x0000017b76ca2470
Event: 0.086 Thread 0x0000017b591ebe80 Thread added: 0x0000017b76ca4d40
Event: 0.113 Thread 0x0000017b591ebe80 Thread added: 0x0000017b76c9cf70
Event: 0.182 Thread 0x0000017b591ebe80 Thread added: 0x0000017b76c99c40
Event: 0.182 Thread 0x0000017b591ebe80 Thread added: 0x0000017b76c9a390
Event: 0.277 Thread 0x0000017b76ca4d40 Thread added: 0x0000017b451f5f00
Event: 1.798 Thread 0x0000017b451f5f00 Thread exited: 0x0000017b451f5f00
Event: 1.998 Thread 0x0000017b76ca4d40 Thread added: 0x0000017b4523b930
Event: 2.216 Thread 0x0000017b76c9b980 Thread added: 0x0000017b76c9aae0
Event: 2.239 Thread 0x0000017b76c9aae0 Thread added: 0x0000017b45bd5270
Event: 2.256 Thread 0x0000017b45bd5270 Thread added: 0x0000017b45bd43d0
Event: 2.263 Thread 0x0000017b45bd5270 Thread added: 0x0000017b45bd2de0
Event: 2.772 Thread 0x0000017b4523b930 Thread exited: 0x0000017b4523b930
Event: 10.319 Thread 0x0000017b76ca4d40 Thread added: 0x0000017b452c4060
Event: 10.346 Thread 0x0000017b76c9b980 Thread added: 0x0000017b45bd59c0
Event: 10.541 Thread 0x0000017b76c9b980 Thread added: 0x0000017b45bd3530


Dynamic libraries:
0x00007ff71f380000 - 0x00007ff71f38e000 	C:\Users\Jardilson\.jdks\openjdk-24\bin\java.exe
0x00007ffbfd140000 - 0x00007ffbfd3a0000 	C:\WINDOWS\SYSTEM32\ntdll.dll
0x00007ffbfbb10000 - 0x00007ffbfbbd7000 	C:\WINDOWS\System32\KERNEL32.DLL
0x00007ffbfa780000 - 0x00007ffbfab4b000 	C:\WINDOWS\System32\KERNELBASE.dll
0x00007ffbfab50000 - 0x00007ffbfac9b000 	C:\WINDOWS\System32\ucrtbase.dll
0x00007ffbf4f10000 - 0x00007ffbf4f26000 	C:\Users\Jardilson\.jdks\openjdk-24\bin\jli.dll
0x00007ffbe99d0000 - 0x00007ffbe99eb000 	C:\Users\Jardilson\.jdks\openjdk-24\bin\VCRUNTIME140.dll
0x00007ffbfb6e0000 - 0x00007ffbfb8ac000 	C:\WINDOWS\System32\USER32.dll
0x00007ffbdfb70000 - 0x00007ffbdfe07000 	C:\WINDOWS\WinSxS\amd64_microsoft.windows.common-controls_6595b64144ccf1df_6.0.26100.3624_none_3e086962e3345f24\COMCTL32.dll
0x00007ffbfa3d0000 - 0x00007ffbfa3f7000 	C:\WINDOWS\System32\win32u.dll
0x00007ffbfd050000 - 0x00007ffbfd0f9000 	C:\WINDOWS\System32\msvcrt.dll
0x00007ffbfb8b0000 - 0x00007ffbfb8da000 	C:\WINDOWS\System32\GDI32.dll
0x00007ffbfa580000 - 0x00007ffbfa6b1000 	C:\WINDOWS\System32\gdi32full.dll
0x00007ffbfa320000 - 0x00007ffbfa3c3000 	C:\WINDOWS\System32\msvcp_win.dll
0x00007ffbfbe80000 - 0x00007ffbfbeaf000 	C:\WINDOWS\System32\IMM32.DLL
0x00007ffbf6dd0000 - 0x00007ffbf6ddc000 	C:\Users\Jardilson\.jdks\openjdk-24\bin\vcruntime140_1.dll
0x00007ffba35e0000 - 0x00007ffba366e000 	C:\Users\Jardilson\.jdks\openjdk-24\bin\msvcp140.dll
0x00007ffb3d6e0000 - 0x00007ffb3e482000 	C:\Users\Jardilson\.jdks\openjdk-24\bin\server\jvm.dll
0x00007ffbfc4f0000 - 0x00007ffbfc5a3000 	C:\WINDOWS\System32\ADVAPI32.dll
0x00007ffbfca00000 - 0x00007ffbfcaa6000 	C:\WINDOWS\System32\sechost.dll
0x00007ffbfbd60000 - 0x00007ffbfbe76000 	C:\WINDOWS\System32\RPCRT4.dll
0x00007ffbfbce0000 - 0x00007ffbfbd54000 	C:\WINDOWS\System32\WS2_32.dll
0x00007ffbf9fe0000 - 0x00007ffbfa03e000 	C:\WINDOWS\SYSTEM32\POWRPROF.dll
0x00007ffbdbd40000 - 0x00007ffbdbd4b000 	C:\WINDOWS\SYSTEM32\VERSION.dll
0x00007ffbf0180000 - 0x00007ffbf01b6000 	C:\WINDOWS\SYSTEM32\WINMM.dll
0x00007ffbf9fc0000 - 0x00007ffbf9fd4000 	C:\WINDOWS\SYSTEM32\UMPDC.dll
0x00007ffbf9130000 - 0x00007ffbf914a000 	C:\WINDOWS\SYSTEM32\kernel.appcore.dll
0x00007ffbf4ed0000 - 0x00007ffbf4eda000 	C:\Users\Jardilson\.jdks\openjdk-24\bin\jimage.dll
0x00007ffbf7360000 - 0x00007ffbf75a1000 	C:\WINDOWS\SYSTEM32\DBGHELP.DLL
0x00007ffbfbec0000 - 0x00007ffbfc243000 	C:\WINDOWS\System32\combase.dll
0x00007ffbfc410000 - 0x00007ffbfc4e6000 	C:\WINDOWS\System32\OLEAUT32.dll
0x00007ffb59550000 - 0x00007ffb59589000 	C:\WINDOWS\SYSTEM32\dbgcore.DLL
0x00007ffbfaea0000 - 0x00007ffbfaf39000 	C:\WINDOWS\System32\bcryptPrimitives.dll
0x00007ffbf2830000 - 0x00007ffbf283f000 	C:\Users\Jardilson\.jdks\openjdk-24\bin\instrument.dll
0x00007ffbe4790000 - 0x00007ffbe47ae000 	C:\Users\Jardilson\.jdks\openjdk-24\bin\java.dll
0x00007ffbfc250000 - 0x00007ffbfc3e6000 	C:\WINDOWS\System32\ole32.dll
0x00007ffbfaf50000 - 0x00007ffbfb679000 	C:\WINDOWS\System32\SHELL32.dll
0x00007ffbfaca0000 - 0x00007ffbfae08000 	C:\WINDOWS\System32\wintypes.dll
0x00007ffbf7f90000 - 0x00007ffbf87e2000 	C:\WINDOWS\SYSTEM32\windows.storage.dll
0x00007ffbfbbe0000 - 0x00007ffbfbccd000 	C:\WINDOWS\System32\SHCORE.dll
0x00007ffbfc5b0000 - 0x00007ffbfc614000 	C:\WINDOWS\System32\shlwapi.dll
0x00007ffbfa230000 - 0x00007ffbfa25f000 	C:\WINDOWS\SYSTEM32\profapi.dll
0x00007ffb9d880000 - 0x00007ffb9d957000 	C:\Users\Jardilson\.jdks\openjdk-24\bin\jsvml.dll
0x00007ffbe36d0000 - 0x00007ffbe36e7000 	C:\Users\Jardilson\.jdks\openjdk-24\bin\zip.dll
0x00007ffbea8c0000 - 0x00007ffbea8d0000 	C:\Users\Jardilson\.jdks\openjdk-24\bin\net.dll
0x00007ffbf9650000 - 0x00007ffbf96ba000 	C:\WINDOWS\system32\mswsock.dll
0x00007ffbe4370000 - 0x00007ffbe4386000 	C:\Users\Jardilson\.jdks\openjdk-24\bin\nio.dll
0x00007ffbe9b80000 - 0x00007ffbe9b89000 	C:\Users\Jardilson\.jdks\openjdk-24\bin\extnet.dll
0x00007ffbf8c10000 - 0x00007ffbf8d35000 	C:\WINDOWS\SYSTEM32\DNSAPI.dll
0x00007ffbf8b60000 - 0x00007ffbf8b93000 	C:\WINDOWS\SYSTEM32\IPHLPAPI.DLL
0x00007ffbfaf40000 - 0x00007ffbfaf4a000 	C:\WINDOWS\System32\NSI.dll
0x00007ffbeffe0000 - 0x00007ffbeffeb000 	C:\Windows\System32\rasadhlp.dll
0x00007ffbf39c0000 - 0x00007ffbf3a45000 	C:\WINDOWS\System32\fwpuclnt.dll
0x00007ffbe3650000 - 0x00007ffbe365a000 	C:\Users\Jardilson\.jdks\openjdk-24\bin\management.dll
0x00007ffbe3540000 - 0x00007ffbe354b000 	C:\Users\Jardilson\.jdks\openjdk-24\bin\management_ext.dll
0x00007ffbfc810000 - 0x00007ffbfc818000 	C:\WINDOWS\System32\PSAPI.DLL
0x00007ffbf9900000 - 0x00007ffbf991c000 	C:\WINDOWS\SYSTEM32\CRYPTSP.dll
0x00007ffbf9090000 - 0x00007ffbf90ca000 	C:\WINDOWS\system32\rsaenh.dll
0x00007ffbf96f0000 - 0x00007ffbf971b000 	C:\WINDOWS\SYSTEM32\USERENV.dll
0x00007ffbf9b30000 - 0x00007ffbf9b56000 	C:\WINDOWS\SYSTEM32\bcrypt.dll
0x00007ffbf98f0000 - 0x00007ffbf98fc000 	C:\WINDOWS\SYSTEM32\CRYPTBASE.dll
0x00007ffbbb590000 - 0x00007ffbbb5a8000 	C:\WINDOWS\system32\napinsp.dll
0x00007ffbbbfb0000 - 0x00007ffbbbfc2000 	C:\WINDOWS\System32\winrnr.dll
0x00007ffbbab60000 - 0x00007ffbbab90000 	C:\WINDOWS\system32\nlansp_c.dll
0x00007ffbe9920000 - 0x00007ffbe9936000 	C:\WINDOWS\system32\wshbth.dll
0x00007ffb9a880000 - 0x00007ffb9aa8e000 	C:\Users\Jardilson\AppData\Local\Temp\idea_libasyncProfiler_dll_temp_folder\libasyncProfiler.dll

dbghelp: loaded successfully - version: 4.0.5 - missing functions: none
symbol engine: initialized successfully - sym options: 0x614 - pdb path: .;C:\Users\Jardilson\.jdks\openjdk-24\bin;C:\WINDOWS\SYSTEM32;C:\WINDOWS\WinSxS\amd64_microsoft.windows.common-controls_6595b64144ccf1df_6.0.26100.3624_none_3e086962e3345f24;C:\Users\Jardilson\.jdks\openjdk-24\bin\server;C:\Users\Jardilson\AppData\Local\Temp\idea_libasyncProfiler_dll_temp_folder

VM Arguments:
jvm_args: -javaagent:C:\Users\Jardilson\Downloads\IntelliJ IDEA 2024.3.5\lib\idea_rt.jar=49775 -Dfile.encoding=UTF-8 -Dsun.stdout.encoding=UTF-8 -Dsun.stderr.encoding=UTF-8 
java_command: Quiz
java_class_path (initial): C:\Users\Jardilson\IdeaProjects\trabalho\out\production\trabalho
Launcher Type: SUN_STANDARD

[Global flags]
     intx CICompilerCount                          = 4                                         {product} {ergonomic}
     uint ConcGCThreads                            = 3                                         {product} {ergonomic}
     bool FlightRecorder                           = true                                      {product} {management}
     uint G1ConcRefinementThreads                  = 10                                        {product} {ergonomic}
   size_t G1HeapRegionSize                         = 1048576                                   {product} {ergonomic}
   size_t InitialHeapSize                          = 130023424                                 {product} {ergonomic}
   size_t MarkStackSize                            = 4194304                                   {product} {ergonomic}
   size_t MarkStackSizeMax                         = 536870912                                 {product} {ergonomic}
   size_t MaxHeapSize                              = 2071986176                                {product} {ergonomic}
   size_t MaxNewSize                               = 1242562560                                {product} {ergonomic}
   size_t MinHeapDeltaBytes                        = 1048576                                   {product} {ergonomic}
   size_t MinHeapSize                              = 8388608                                   {product} {ergonomic}
    uintx NonNMethodCodeHeapSize                   = 5832704                                {pd product} {ergonomic}
    uintx NonProfiledCodeHeapSize                  = 122945536                              {pd product} {ergonomic}
    uintx ProfiledCodeHeapSize                     = 122880000                              {pd product} {ergonomic}
    uintx ReservedCodeCacheSize                    = 251658240                              {pd product} {ergonomic}
     bool SegmentedCodeCache                       = true                                      {product} {ergonomic}
   size_t SoftMaxHeapSize                          = 2071986176                             {manageable} {ergonomic}
     bool UseCompressedOops                        = true                           {product lp64_product} {ergonomic}
     bool UseG1GC                                  = true                                      {product} {ergonomic}
     bool UseLargePagesIndividualAllocation        = false                                  {pd product} {ergonomic}

Logging:
Log output configuration:
 #0: stdout all=warning uptime,level,tags foldmultilines=false
 #1: stderr all=off uptime,level,tags foldmultilines=false

Environment Variables:
PATH=C:\WINDOWS\system32;C:\WINDOWS;C:\WINDOWS\System32\Wbem;C:\WINDOWS\System32\WindowsPowerShell\v1.0\;C:\WINDOWS\System32\OpenSSH\;C:\Program Files\dotnet\;C:\Users\Jardilson\AppData\Local\Microsoft\WindowsApps;
USERNAME=Jardilson
OS=Windows_NT
PROCESSOR_IDENTIFIER=Intel64 Family 6 Model 154 Stepping 4, GenuineIntel
TMP=C:\Users\JARDIL~1\AppData\Local\Temp
TEMP=C:\Users\JARDIL~1\AppData\Local\Temp




Periodic native trim disabled

---------------  S Y S T E M  ---------------

OS:
 Windows 11 , 64 bit Build 26100 (10.0.26100.3624)
OS uptime: 1 days 18:20 hours
Hyper-V role detected

CPU: total 12 (initial active 12) (6 cores per cpu, 2 threads per core) family 6 model 154 stepping 4 microcode 0x423, cx8, cmov, fxsr, ht, mmx, 3dnowpref, sse, sse2, sse3, ssse3, sse4.1, sse4.2, popcnt, lzcnt, tsc, tscinvbit, avx, avx2, aes, erms, clmul, bmi1, bmi2, adx, sha, fma, vzeroupper, clflush, clflushopt, clwb, hv, serialize, rdtscp, rdpid, fsrm, gfni, f16c, cet_ibt, cet_ss
Processor Information for processor 0
  Max Mhz: 1300, Current Mhz: 1300, Mhz Limit: 1300
Processor Information for processor 1
  Max Mhz: 1300, Current Mhz: 1300, Mhz Limit: 1300
Processor Information for processor 2
  Max Mhz: 1300, Current Mhz: 1300, Mhz Limit: 1300
Processor Information for processor 3
  Max Mhz: 1300, Current Mhz: 1300, Mhz Limit: 1300
Processor Information for processor 4
  Max Mhz: 1300, Current Mhz: 900, Mhz Limit: 897
Processor Information for processor 5
  Max Mhz: 1300, Current Mhz: 900, Mhz Limit: 897
Processor Information for processor 6
  Max Mhz: 1300, Current Mhz: 900, Mhz Limit: 897
Processor Information for processor 7
  Max Mhz: 1300, Current Mhz: 900, Mhz Limit: 897
Processor Information for processor 8
  Max Mhz: 1300, Current Mhz: 900, Mhz Limit: 897
Processor Information for processor 9
  Max Mhz: 1300, Current Mhz: 900, Mhz Limit: 897
Processor Information for processor 10
  Max Mhz: 1300, Current Mhz: 900, Mhz Limit: 897
Processor Information for processor 11
  Max Mhz: 1300, Current Mhz: 900, Mhz Limit: 897

Memory: 4k page, system-wide physical 7896M (547M free)
TotalPageFile size 19672M (AvailPageFile size 4035M)
current process WorkingSet (physical memory assigned to process): 97M, peak: 97M
current process commit charge ("private bytes"): 265M, peak: 267M

vm_info: OpenJDK 64-Bit Server VM (24+36-3646) for windows-amd64 JRE (24+36-3646), built on 2025-02-06T00:20:43Z with MS VC++ 17.6 (VS2022)

END.
